commons/build/outputs/logs/manifest-merger-debug-report.txt
-- Merging decision tree log ---
manifest
ADDED from src\main\AndroidManifest.xml:2:1-16:12
INJECTED from src\main\AndroidManifest.xml:2:1-16:12
INJECTED from src\main\AndroidManifest.xml:2:1-16:12
INJECTED from src\main\AndroidManifest.xml:2:1-16:12
INJECTED from src\main\AndroidManifest.xml:2:1-16:12
INJECTED from src\main\AndroidManifest.xml:2:1-16:12
INJECTED from src\main\AndroidManifest.xml:2:1-16:12
	package
		ADDED from src\main\AndroidManifest.xml:4:5-36
		INJECTED from src\main\AndroidManifest.xml
		INJECTED from src\main\AndroidManifest.xml
	android:versionName
		INJECTED from src\main\AndroidManifest.xml
		ADDED from src\main\AndroidManifest.xml:2:1-16:12
		INJECTED from src\main\AndroidManifest.xml
	android:versionCode
		INJECTED from src\main\AndroidManifest.xml
		ADDED from src\main\AndroidManifest.xml:2:1-16:12
		INJECTED from src\main\AndroidManifest.xml
	xmlns:android
		ADDED from src\main\AndroidManifest.xml:3:5-63
application
ADDED from src\main\AndroidManifest.xml:6:5-15:19
receiver#com.julioapps.commons.receivers.SharedThemeReceiver
ADDED from src\main\AndroidManifest.xml:7:9-14:20
	android:exported
		ADDED from src\main\AndroidManifest.xml:9:13-36
	android:name
		ADDED from src\main\AndroidManifest.xml:8:13-58
intent-filter#com.julioapps.commons.SHARED_THEME_ACTIVATED+com.julioapps.commons.SHARED_THEME_UPDATED
ADDED from src\main\AndroidManifest.xml:10:13-13:29
action#com.julioapps.commons.SHARED_THEME_ACTIVATED
ADDED from src\main\AndroidManifest.xml:11:17-86
	android:name
		ADDED from src\main\AndroidManifest.xml:11:25-84
action#com.julioapps.commons.SHARED_THEME_UPDATED
ADDED from src\main\AndroidManifest.xml:12:17-84
	android:name
		ADDED from src\main\AndroidManifest.xml:12:25-82
uses-sdk
INJECTED from src\main\AndroidManifest.xml reason: use-sdk injection requested
INJECTED from src\main\AndroidManifest.xml
INJECTED from src\main\AndroidManifest.xml
INJECTED from src\main\AndroidManifest.xml
INJECTED from src\main\AndroidManifest.xml
	android:targetSdkVersion
		INJECTED from src\main\AndroidManifest.xml
		ADDED from src\main\AndroidManifest.xml
		INJECTED from src\main\AndroidManifest.xml
	android:minSdkVersion
		INJECTED from src\main\AndroidManifest.xml
		ADDED from src\main\AndroidManifest.xml
		INJECTED from src\main\AndroidManifest.xml